0 info it worked if it ends with ok
1 verbose cli [ '/usr/bin/nodejs', '/usr/bin/npm', 'run', 'deploy' ]
2 info using npm@3.8.3
3 info using node@v5.10.1
4 verbose run-script [ 'predeploy', 'deploy', 'postdeploy' ]
5 info lifecycle taskcluster-tools@0.1.0~predeploy: taskcluster-tools@0.1.0
6 silly lifecycle taskcluster-tools@0.1.0~predeploy: no script for predeploy, continuing
7 info lifecycle taskcluster-tools@0.1.0~deploy: taskcluster-tools@0.1.0
8 verbose lifecycle taskcluster-tools@0.1.0~deploy: unsafe-perm in lifecycle true
9 verbose lifecycle taskcluster-tools@0.1.0~deploy: PATH: /usr/lib/node_modules/npm/bin/node-gyp-bin:/home/chinmay/tc/taskcluster-tools/node_modules/.bin:/usr/bin:/usr/local/sbin:/usr/local/bin:/usr/sbin:/usr/bin:/sbin:/bin:/usr/games:/usr/local/games
10 verbose lifecycle taskcluster-tools@0.1.0~deploy: CWD: /home/chinmay/tc/taskcluster-tools
11 silly lifecycle taskcluster-tools@0.1.0~deploy: Args: [ '-c', 'grunt publish -q' ]
12 silly lifecycle taskcluster-tools@0.1.0~deploy: Returned: code: 6  signal: null
13 info lifecycle taskcluster-tools@0.1.0~deploy: Failed to exec deploy script
14 verbose stack Error: taskcluster-tools@0.1.0 deploy: `grunt publish -q`
14 verbose stack Exit status 6
14 verbose stack     at EventEmitter.<anonymous> (/usr/lib/node_modules/npm/lib/utils/lifecycle.js:239:16)
14 verbose stack     at emitTwo (events.js:100:13)
14 verbose stack     at EventEmitter.emit (events.js:185:7)
14 verbose stack     at ChildProcess.<anonymous> (/usr/lib/node_modules/npm/lib/utils/spawn.js:24:14)
14 verbose stack     at emitTwo (events.js:100:13)
14 verbose stack     at ChildProcess.emit (events.js:185:7)
14 verbose stack     at maybeClose (internal/child_process.js:850:16)
14 verbose stack     at Process.ChildProcess._handle.onexit (internal/child_process.js:215:5)
15 verbose pkgid taskcluster-tools@0.1.0
16 verbose cwd /home/chinmay/tc/taskcluster-tools
17 error Linux 4.2.0-35-generic
18 error argv "/usr/bin/nodejs" "/usr/bin/npm" "run" "deploy"
19 error node v5.10.1
20 error npm  v3.8.3
21 error code ELIFECYCLE
22 error taskcluster-tools@0.1.0 deploy: `grunt publish -q`
22 error Exit status 6
23 error Failed at the taskcluster-tools@0.1.0 deploy script 'grunt publish -q'.
23 error Make sure you have the latest version of node.js and npm installed.
23 error If you do, this is most likely a problem with the taskcluster-tools package,
23 error not with npm itself.
23 error Tell the author that this fails on your system:
23 error     grunt publish -q
23 error You can get information on how to open an issue for this project with:
23 error     npm bugs taskcluster-tools
23 error Or if that isn't available, you can get their info via:
23 error     npm owner ls taskcluster-tools
23 error There is likely additional logging output above.
24 verbose exit [ 1, true ]
